build/outputs/logs/manifest-merger-debug-report.txt
-- Merging decision tree log ---
manifest
ADDED from src\main\AndroidManifest.xml:2:1-49:12
	xmlns:android
		ADDED from src\main\AndroidManifest.xml:2:11-69
	package
		ADDED from src\main\AndroidManifest.xml:3:5-36
		INJECTED from src\main\AndroidManifest.xml
		INJECTED from src\main\AndroidManifest.xml
	android:versionName
		ADDED from src\main\AndroidManifest.xml:5:5-30
		INJECTED from src\main\AndroidManifest.xml
		INJECTED from src\main\AndroidManifest.xml
	android:versionCode
		ADDED from src\main\AndroidManifest.xml:4:5-28
		INJECTED from src\main\AndroidManifest.xml
		INJECTED from src\main\AndroidManifest.xml
uses-sdk
ADDED from src\main\AndroidManifest.xml:7:5-9:41
MERGED from [com.android.support:support-v4:23.4.0] AndroidManifest.xml:20:5-43
	android:targetSdkVersion
		ADDED from src\main\AndroidManifest.xml:9:9-38
		INJECTED from src\main\AndroidManifest.xml
		INJECTED from src\main\AndroidManifest.xml
	android:minSdkVersion
		ADDED from src\main\AndroidManifest.xml:8:9-35
		INJECTED from src\main\AndroidManifest.xml
		INJECTED from src\main\AndroidManifest.xml
uses-permission#android.permission.INTERNET
ADDED from src\main\AndroidManifest.xml:11:5-67
	android:name
		ADDED from src\main\AndroidManifest.xml:11:22-64
application
ADDED from src\main\AndroidManifest.xml:13:5-47:19
MERGED from [com.android.support:support-v4:23.4.0] AndroidManifest.xml:22:5-20
	android:label
		ADDED from src\main\AndroidManifest.xml:16:9-41
	android:allowBackup
		ADDED from src\main\AndroidManifest.xml:14:9-35
	android:icon
		ADDED from src\main\AndroidManifest.xml:15:9-45
activity#com.smt.pulltorefresh.MainActivity
ADDED from src\main\AndroidManifest.xml:17:9-25:20
	android:label
		ADDED from src\main\AndroidManifest.xml:19:13-42
	android:name
		ADDED from src\main\AndroidManifest.xml:18:13-62
intent-filter#android.intent.action.MAIN+android.intent.category.LAUNCHER
ADDED from src\main\AndroidManifest.xml:20:13-24:29
action#android.intent.action.MAIN
ADDED from src\main\AndroidManifest.xml:21:17-69
	android:name
		ADDED from src\main\AndroidManifest.xml:21:25-66
category#android.intent.category.LAUNCHER
ADDED from src\main\AndroidManifest.xml:23:17-77
	android:name
		ADDED from src\main\AndroidManifest.xml:23:27-74
activity#com.smt.pulltorefresh.activity.PullableExpandableListViewActivity
ADDED from src\main\AndroidManifest.xml:26:9-28:54
	android:label
		ADDED from src\main\AndroidManifest.xml:28:13-42
	android:name
		ADDED from src\main\AndroidManifest.xml:27:13-93
activity#com.smt.pulltorefresh.activity.PullableGridViewActivity
ADDED from src\main\AndroidManifest.xml:29:9-31:54
	android:label
		ADDED from src\main\AndroidManifest.xml:31:13-42
	android:name
		ADDED from src\main\AndroidManifest.xml:30:13-83
activity#com.smt.pulltorefresh.activity.PullableListViewActivity
ADDED from src\main\AndroidManifest.xml:32:9-34:54
	android:label
		ADDED from src\main\AndroidManifest.xml:34:13-42
	android:name
		ADDED from src\main\AndroidManifest.xml:33:13-83
activity#com.smt.pulltorefresh.activity.PullableScrollViewActivity
ADDED from src\main\AndroidManifest.xml:35:9-37:54
	android:label
		ADDED from src\main\AndroidManifest.xml:37:13-42
	android:name
		ADDED from src\main\AndroidManifest.xml:36:13-85
activity#com.smt.pulltorefresh.activity.PullableWebViewActivity
ADDED from src\main\AndroidManifest.xml:38:9-40:54
	android:label
		ADDED from src\main\AndroidManifest.xml:40:13-42
	android:name
		ADDED from src\main\AndroidManifest.xml:39:13-82
activity#com.smt.pulltorefresh.activity.PullableImageViewActivity
ADDED from src\main\AndroidManifest.xml:41:9-43:54
	android:label
		ADDED from src\main\AndroidManifest.xml:43:13-42
	android:name
		ADDED from src\main\AndroidManifest.xml:42:13-84
activity#com.smt.pulltorefresh.activity.PullableTextViewActivity
ADDED from src\main\AndroidManifest.xml:44:9-46:54
	android:label
		ADDED from src\main\AndroidManifest.xml:46:13-42
	android:name
		ADDED from src\main\AndroidManifest.xml:45:13-83